[debug] [2021-03-26T05:28:10.652Z] ----------------------------------------------------------------------
[debug] [2021-03-26T05:28:10.654Z] Command:       C:\Program Files\nodejs\node.exe C:\Users\Awais\AppData\Roaming\npm\node_modules\firebase-tools\lib\bin\firebase.js emulators:start --only functions
[debug] [2021-03-26T05:28:10.655Z] CLI Version:   9.6.1
[debug] [2021-03-26T05:28:10.655Z] Platform:      win32
[debug] [2021-03-26T05:28:10.655Z] Node Version:  v14.16.0
[debug] [2021-03-26T05:28:10.656Z] Time:          Fri Mar 26 2021 10:28:10 GMT+0500 (Pakistan Standard Time)
[debug] [2021-03-26T05:28:10.656Z] ----------------------------------------------------------------------
[debug] [2021-03-26T05:28:10.656Z] 
[debug] [2021-03-26T05:28:10.665Z] >>> [apiv2][query] GET https://firebase-public.firebaseio.com/cli.json [none]
[debug] [2021-03-26T05:28:10.726Z] > command requires scopes: ["email","openid","https://www.googleapis.com/auth/cloudplatformprojects.readonly","https://www.googleapis.com/auth/firebase","https://www.googleapis.com/auth/cloud-platform"]
[debug] [2021-03-26T05:28:10.727Z] > authorizing via signed-in user
[info] i  emulators: Starting emulators: functions {"metadata":{"emulator":{"name":"hub"},"message":"Starting emulators: functions"}}
[debug] [2021-03-26T05:28:10.766Z] [hub] writing locator at C:\Users\Awais\AppData\Local\Temp\hub-thesocial-c43f1.json
[warn] !  functions: The following emulators are not running, calls to these services from the Functions emulator will affect production: auth, firestore, database, hosting, pubsub {"metadata":{"emulator":{"name":"functions"},"message":"The following emulators are not running, calls to these services from the Functions emulator will affect production: \u001b[1mauth, firestore, database, hosting, pubsub\u001b[22m"}}
[warn] !  Your requested "node" version "12" doesn't match your global version "14" {"metadata":{"emulator":{"name":"functions"},"message":"Your requested \"node\" version \"12\" doesn't match your global version \"14\""}}
[debug] [2021-03-26T05:28:10.882Z] defaultcredentials: writing to file C:\Users\Awais\AppData\Roaming\firebase\raza_awais25_gmail.com_application_default_credentials.json
[debug] [2021-03-26T05:28:10.884Z] Setting GAC to C:\Users\Awais\AppData\Roaming\firebase\raza_awais25_gmail.com_application_default_credentials.json {"metadata":{"emulator":{"name":"functions"},"message":"Setting GAC to C:\\Users\\Awais\\AppData\\Roaming\\firebase\\raza_awais25_gmail.com_application_default_credentials.json"}}
[debug] [2021-03-26T05:28:10.886Z] > refreshing access token with scopes: []
[debug] [2021-03-26T05:28:10.887Z] >>> HTTP REQUEST POST https://www.googleapis.com/oauth2/v3/token  
 <request body omitted>
[debug] [2021-03-26T05:28:11.425Z] <<< HTTP RESPONSE 200 {"cache-control":"no-cache, no-store, max-age=0, must-revalidate","date":"Fri, 26 Mar 2021 05:28:11 GMT","expires":"Mon, 01 Jan 1990 00:00:00 GMT","pragma":"no-cache","content-type":"application/json; charset=utf-8","vary":"X-Origin, Referer, Origin,Accept-Encoding","server":"scaffolding on HTTPServer2","x-xss-protection":"0","x-frame-options":"SAMEORIGIN","x-content-type-options":"nosniff","alt-svc":"h3-29=\":443\"; ma=2592000,h3-T051=\":443\"; ma=2592000,h3-Q050=\":443\"; ma=2592000,h3-Q046=\":443\"; ma=2592000,h3-Q043=\":443\"; ma=2592000,quic=\":443\"; ma=2592000; v=\"46,43\"","accept-ranges":"none","transfer-encoding":"chunked"}
[debug] [2021-03-26T05:28:11.480Z] >>> [apiv2][query] GET https://firebase.googleapis.com/v1beta1/projects/thesocial-c43f1/adminSdkConfig [none]
[debug] [2021-03-26T05:28:11.821Z] <<< [apiv2][status] GET https://firebase-public.firebaseio.com/cli.json 200
[debug] [2021-03-26T05:28:11.821Z] <<< [apiv2][body] GET https://firebase-public.firebaseio.com/cli.json {"cloudBuildErrorAfter":1594252800000,"cloudBuildWarnAfter":1590019200000,"defaultNode10After":1594252800000,"minVersion":"3.0.5","node8DeploysDisabledAfter":1613390400000,"node8RuntimeDisabledAfter":1615809600000,"node8WarnAfter":1600128000000}
[debug] [2021-03-26T05:28:12.263Z] <<< [apiv2][status] GET https://firebase.googleapis.com/v1beta1/projects/thesocial-c43f1/adminSdkConfig 200
[debug] [2021-03-26T05:28:12.264Z] <<< [apiv2][body] GET https://firebase.googleapis.com/v1beta1/projects/thesocial-c43f1/adminSdkConfig {"projectId":"thesocial-c43f1","storageBucket":"thesocial-c43f1.appspot.com"}
[info] i  ui: downloading ui-v1.4.2.zip... {"metadata":{"emulator":{"name":"ui"},"message":"downloading ui-v1.4.2.zip..."}}
[debug] [2021-03-26T05:28:12.314Z] >>> [apiv2][query] GET https://storage.googleapis.com/firebase-preview-drop/emulator/ui-v1.4.2.zip [none]
[debug] [2021-03-26T05:28:13.540Z] <<< [apiv2][status] GET https://storage.googleapis.com/firebase-preview-drop/emulator/ui-v1.4.2.zip 200
[debug] [2021-03-26T05:28:13.541Z] <<< [apiv2][body] GET https://storage.googleapis.com/firebase-preview-drop/emulator/ui-v1.4.2.zip [stream]
[debug] [2021-03-26T05:28:32.223Z] Ignoring unsupported arg: auto_download {"metadata":{"emulator":{"name":"ui"},"message":"Ignoring unsupported arg: auto_download"}}
[debug] [2021-03-26T05:28:32.224Z] Ignoring unsupported arg: port {"metadata":{"emulator":{"name":"ui"},"message":"Ignoring unsupported arg: port"}}
[debug] [2021-03-26T05:28:32.224Z] Starting Emulator UI with command {"binary":"node","args":["C:\\Users\\Awais\\.cache\\firebase\\emulators\\ui-v1.4.2\\server.bundle.js"],"optionalArgs":[],"joinArgs":false} {"metadata":{"emulator":{"name":"ui"},"message":"Starting Emulator UI with command {\"binary\":\"node\",\"args\":[\"C:\\\\Users\\\\Awais\\\\.cache\\\\firebase\\\\emulators\\\\ui-v1.4.2\\\\server.bundle.js\"],\"optionalArgs\":[],\"joinArgs\":false}"}}
[info] i  ui: Emulator UI logging to ui-debug.log {"metadata":{"emulator":{"name":"ui"},"message":"Emulator UI logging to \u001b[1mui-debug.log\u001b[22m"}}
[debug] [2021-03-26T05:28:32.390Z] Web / API server started at http://localhost:4000
 {"metadata":{"emulator":{"name":"ui"},"message":"Web / API server started at http://localhost:4000\n"}}
[info] i  functions: Watching "C:\Users\Awais\MealsToGo\functions" for Cloud Functions... {"metadata":{"emulator":{"name":"functions"},"message":"Watching \"C:\\Users\\Awais\\MealsToGo\\functions\" for Cloud Functions..."}}
[debug] [2021-03-26T05:28:32.514Z] [worker-pool] addWorker(~diagnostic~) {"metadata":{"emulator":{"name":"functions"},"message":"[worker-pool] addWorker(~diagnostic~)"}}
[debug] [2021-03-26T05:28:32.514Z] [worker-pool] Adding worker with key ~diagnostic~, total=1 {"metadata":{"emulator":{"name":"functions"},"message":"[worker-pool] Adding worker with key ~diagnostic~, total=1"}}
[debug] [2021-03-26T05:28:32.514Z] [worker-pool] submitWork(triggerId=) {"metadata":{"emulator":{"name":"functions"},"message":"[worker-pool] submitWork(triggerId=)"}}
[debug] [2021-03-26T05:28:32.515Z] [worker-~diagnostic~-94da2d3b-52db-4826-88ac-12d2675789da]: Assigning socketPath: \\?\pipe\C:\Users\Awais\MealsToGo\functions\11896 {"metadata":{"emulator":{"name":"functions"},"message":"[worker-~diagnostic~-94da2d3b-52db-4826-88ac-12d2675789da]: Assigning socketPath: \\\\?\\pipe\\C:\\Users\\Awais\\MealsToGo\\functions\\11896"}}
[debug] [2021-03-26T05:28:32.516Z] [worker-~diagnostic~-94da2d3b-52db-4826-88ac-12d2675789da]: BUSY {"metadata":{"emulator":{"name":"functions"},"message":"[worker-~diagnostic~-94da2d3b-52db-4826-88ac-12d2675789da]: BUSY"}}
[debug] [2021-03-26T05:28:32.754Z] [runtime-status] [11896] Functions runtime initialized. {"cwd":"C:\\Users\\Awais\\MealsToGo\\functions","node_version":"14.16.0"} {"metadata":{"emulator":{"name":"functions"},"message":"[runtime-status] [11896] Functions runtime initialized. {\"cwd\":\"C:\\\\Users\\\\Awais\\\\MealsToGo\\\\functions\",\"node_version\":\"14.16.0\"}"}}
[debug] [2021-03-26T05:28:32.756Z] [runtime-status] [11896] Disabled runtime features: undefined {"metadata":{"emulator":{"name":"functions"},"message":"[runtime-status] [11896] Disabled runtime features: undefined"}}
[debug] [2021-03-26T05:28:32.775Z] [runtime-status] [11896] Resolved module firebase-admin {"declared":true,"installed":true,"version":"9.5.0","resolution":"C:\\Users\\Awais\\MealsToGo\\functions\\node_modules\\firebase-admin\\lib\\index.js"} {"metadata":{"emulator":{"name":"functions"},"message":"[runtime-status] [11896] Resolved module firebase-admin {\"declared\":true,\"installed\":true,\"version\":\"9.5.0\",\"resolution\":\"C:\\\\Users\\\\Awais\\\\MealsToGo\\\\functions\\\\node_modules\\\\firebase-admin\\\\lib\\\\index.js\"}"}}
[debug] [2021-03-26T05:28:32.777Z] [runtime-status] [11896] Resolved module firebase-functions {"declared":true,"installed":true,"version":"3.13.2","resolution":"C:\\Users\\Awais\\MealsToGo\\functions\\node_modules\\firebase-functions\\lib\\index.js"} {"metadata":{"emulator":{"name":"functions"},"message":"[runtime-status] [11896] Resolved module firebase-functions {\"declared\":true,\"installed\":true,\"version\":\"3.13.2\",\"resolution\":\"C:\\\\Users\\\\Awais\\\\MealsToGo\\\\functions\\\\node_modules\\\\firebase-functions\\\\lib\\\\index.js\"}"}}
[debug] [2021-03-26T05:28:32.779Z] [runtime-status] [11896] Resolved module firebase-functions {"declared":true,"installed":true,"version":"3.13.2","resolution":"C:\\Users\\Awais\\MealsToGo\\functions\\node_modules\\firebase-functions\\lib\\index.js"} {"metadata":{"emulator":{"name":"functions"},"message":"[runtime-status] [11896] Resolved module firebase-functions {\"declared\":true,\"installed\":true,\"version\":\"3.13.2\",\"resolution\":\"C:\\\\Users\\\\Awais\\\\MealsToGo\\\\functions\\\\node_modules\\\\firebase-functions\\\\lib\\\\index.js\"}"}}
[debug] [2021-03-26T05:28:32.780Z] [runtime-status] [11896] Outgoing network have been stubbed. [{"name":"http","status":"mocked"},{"name":"http","status":"mocked"},{"name":"https","status":"mocked"},{"name":"https","status":"mocked"},{"name":"net","status":"mocked"}] {"metadata":{"emulator":{"name":"functions"},"message":"[runtime-status] [11896] Outgoing network have been stubbed. [{\"name\":\"http\",\"status\":\"mocked\"},{\"name\":\"http\",\"status\":\"mocked\"},{\"name\":\"https\",\"status\":\"mocked\"},{\"name\":\"https\",\"status\":\"mocked\"},{\"name\":\"net\",\"status\":\"mocked\"}]"}}
[debug] [2021-03-26T05:28:32.781Z] [runtime-status] [11896] Resolved module firebase-functions {"declared":true,"installed":true,"version":"3.13.2","resolution":"C:\\Users\\Awais\\MealsToGo\\functions\\node_modules\\firebase-functions\\lib\\index.js"} {"metadata":{"emulator":{"name":"functions"},"message":"[runtime-status] [11896] Resolved module firebase-functions {\"declared\":true,\"installed\":true,\"version\":\"3.13.2\",\"resolution\":\"C:\\\\Users\\\\Awais\\\\MealsToGo\\\\functions\\\\node_modules\\\\firebase-functions\\\\lib\\\\index.js\"}"}}
[debug] [2021-03-26T05:28:33.477Z] [runtime-status] [11896] Checked functions.config() {"config":{}} {"metadata":{"emulator":{"name":"functions"},"message":"[runtime-status] [11896] Checked functions.config() {\"config\":{}}"}}
[debug] [2021-03-26T05:28:33.477Z] [runtime-status] [11896] firebase-functions has been stubbed. {"functionsResolution":{"declared":true,"installed":true,"version":"3.13.2","resolution":"C:\\Users\\Awais\\MealsToGo\\functions\\node_modules\\firebase-functions\\lib\\index.js"}} {"metadata":{"emulator":{"name":"functions"},"message":"[runtime-status] [11896] firebase-functions has been stubbed. {\"functionsResolution\":{\"declared\":true,\"installed\":true,\"version\":\"3.13.2\",\"resolution\":\"C:\\\\Users\\\\Awais\\\\MealsToGo\\\\functions\\\\node_modules\\\\firebase-functions\\\\lib\\\\index.js\"}}"}}
[debug] [2021-03-26T05:28:33.478Z] [runtime-status] [11896] Resolved module firebase-functions {"declared":true,"installed":true,"version":"3.13.2","resolution":"C:\\Users\\Awais\\MealsToGo\\functions\\node_modules\\firebase-functions\\lib\\index.js"} {"metadata":{"emulator":{"name":"functions"},"message":"[runtime-status] [11896] Resolved module firebase-functions {\"declared\":true,\"installed\":true,\"version\":\"3.13.2\",\"resolution\":\"C:\\\\Users\\\\Awais\\\\MealsToGo\\\\functions\\\\node_modules\\\\firebase-functions\\\\lib\\\\index.js\"}"}}
[debug] [2021-03-26T05:28:33.479Z] [runtime-status] [11896] Resolved module firebase-admin {"declared":true,"installed":true,"version":"9.5.0","resolution":"C:\\Users\\Awais\\MealsToGo\\functions\\node_modules\\firebase-admin\\lib\\index.js"} {"metadata":{"emulator":{"name":"functions"},"message":"[runtime-status] [11896] Resolved module firebase-admin {\"declared\":true,\"installed\":true,\"version\":\"9.5.0\",\"resolution\":\"C:\\\\Users\\\\Awais\\\\MealsToGo\\\\functions\\\\node_modules\\\\firebase-admin\\\\lib\\\\index.js\"}"}}
[debug] [2021-03-26T05:28:33.480Z] [runtime-status] [11896] Resolved module firebase-functions {"declared":true,"installed":true,"version":"3.13.2","resolution":"C:\\Users\\Awais\\MealsToGo\\functions\\node_modules\\firebase-functions\\lib\\index.js"} {"metadata":{"emulator":{"name":"functions"},"message":"[runtime-status] [11896] Resolved module firebase-functions {\"declared\":true,\"installed\":true,\"version\":\"3.13.2\",\"resolution\":\"C:\\\\Users\\\\Awais\\\\MealsToGo\\\\functions\\\\node_modules\\\\firebase-functions\\\\lib\\\\index.js\"}"}}
[debug] [2021-03-26T05:28:33.480Z] [runtime-status] [11896] firebase-admin has been stubbed. {"adminResolution":{"declared":true,"installed":true,"version":"9.5.0","resolution":"C:\\Users\\Awais\\MealsToGo\\functions\\node_modules\\firebase-admin\\lib\\index.js"}} {"metadata":{"emulator":{"name":"functions"},"message":"[runtime-status] [11896] firebase-admin has been stubbed. {\"adminResolution\":{\"declared\":true,\"installed\":true,\"version\":\"9.5.0\",\"resolution\":\"C:\\\\Users\\\\Awais\\\\MealsToGo\\\\functions\\\\node_modules\\\\firebase-admin\\\\lib\\\\index.js\"}}"}}
[warn] !  C:\Users\Awais\MealsToGo\functions\geocode\index.js:1
module.exports.geocodeRequest(request,response) => {
               ^^^^^^^^^^^^^^^^^^^^^^^^^^^^^^^

SyntaxError: Malformed arrow function parameter list
    at wrapSafe (internal/modules/cjs/loader.js:979:16)
    at Module._compile (internal/modules/cjs/loader.js:1027:27)
    at Object.Module._extensions..js (internal/modules/cjs/loader.js:1092:10)
    at Module.load (internal/modules/cjs/loader.js:928:32)
    at Function.Module._load (internal/modules/cjs/loader.js:769:14)
    at Module.require (internal/modules/cjs/loader.js:952:19)
    at require (internal/modules/cjs/helpers.js:88:18)
    at Object.<anonymous> (C:\Users\Awais\MealsToGo\functions\index.js:2:28)
    at Module._compile (internal/modules/cjs/loader.js:1063:30)
    at Object.Module._extensions..js (internal/modules/cjs/loader.js:1092:10) {"metadata":{"emulator":{"name":"functions"},"message":"C:\\Users\\Awais\\MealsToGo\\functions\\geocode\\index.js:1\nmodule.exports.geocodeRequest(request,response) => {\n               ^^^^^^^^^^^^^^^^^^^^^^^^^^^^^^^\n\nSyntaxError: Malformed arrow function parameter list\n    at wrapSafe (internal/modules/cjs/loader.js:979:16)\n    at Module._compile (internal/modules/cjs/loader.js:1027:27)\n    at Object.Module._extensions..js (internal/modules/cjs/loader.js:1092:10)\n    at Module.load (internal/modules/cjs/loader.js:928:32)\n    at Function.Module._load (internal/modules/cjs/loader.js:769:14)\n    at Module.require (internal/modules/cjs/loader.js:952:19)\n    at require (internal/modules/cjs/helpers.js:88:18)\n    at Object.<anonymous> (C:\\Users\\Awais\\MealsToGo\\functions\\index.js:2:28)\n    at Module._compile (internal/modules/cjs/loader.js:1063:30)\n    at Object.Module._extensions..js (internal/modules/cjs/loader.js:1092:10)"}}
[warn] !  We were unable to load your functions code. (see above) {"metadata":{"emulator":{"name":"functions"}}}
[debug] [2021-03-26T05:28:33.503Z] [worker-~diagnostic~-94da2d3b-52db-4826-88ac-12d2675789da]: exited {"metadata":{"emulator":{"name":"functions"},"message":"[worker-~diagnostic~-94da2d3b-52db-4826-88ac-12d2675789da]: exited"}}
[debug] [2021-03-26T05:28:33.503Z] [worker-~diagnostic~-94da2d3b-52db-4826-88ac-12d2675789da]: FINISHED {"metadata":{"emulator":{"name":"functions"},"message":"[worker-~diagnostic~-94da2d3b-52db-4826-88ac-12d2675789da]: FINISHED"}}
[debug] [2021-03-26T05:29:15.251Z] File C:\Users\Awais\MealsToGo\functions\geocode\index.js changed, reloading triggers {"metadata":{"emulator":{"name":"functions"},"message":"File C:\\Users\\Awais\\MealsToGo\\functions\\geocode\\index.js changed, reloading triggers"}}
[debug] [2021-03-26T05:29:15.304Z] File C:\Users\Awais\MealsToGo\functions\geocode\index.js changed, reloading triggers {"metadata":{"emulator":{"name":"functions"},"message":"File C:\\Users\\Awais\\MealsToGo\\functions\\geocode\\index.js changed, reloading triggers"}}
[debug] [2021-03-26T05:29:16.307Z] [worker-pool] Cleaned up workers for ~diagnostic~: 1 --> 0 {"metadata":{"emulator":{"name":"functions"},"message":"[worker-pool] Cleaned up workers for ~diagnostic~: 1 --> 0"}}
[debug] [2021-03-26T05:29:16.325Z] [worker-pool] addWorker(~diagnostic~) {"metadata":{"emulator":{"name":"functions"},"message":"[worker-pool] addWorker(~diagnostic~)"}}
[debug] [2021-03-26T05:29:16.325Z] [worker-pool] Adding worker with key ~diagnostic~, total=1 {"metadata":{"emulator":{"name":"functions"},"message":"[worker-pool] Adding worker with key ~diagnostic~, total=1"}}
[debug] [2021-03-26T05:29:16.325Z] [worker-pool] submitWork(triggerId=) {"metadata":{"emulator":{"name":"functions"},"message":"[worker-pool] submitWork(triggerId=)"}}
[debug] [2021-03-26T05:29:16.325Z] [worker-~diagnostic~-c93c8544-45a4-40f6-943e-9c906f6753a3]: Assigning socketPath: \\?\pipe\C:\Users\Awais\MealsToGo\functions\13868 {"metadata":{"emulator":{"name":"functions"},"message":"[worker-~diagnostic~-c93c8544-45a4-40f6-943e-9c906f6753a3]: Assigning socketPath: \\\\?\\pipe\\C:\\Users\\Awais\\MealsToGo\\functions\\13868"}}
[debug] [2021-03-26T05:29:16.326Z] [worker-~diagnostic~-c93c8544-45a4-40f6-943e-9c906f6753a3]: BUSY {"metadata":{"emulator":{"name":"functions"},"message":"[worker-~diagnostic~-c93c8544-45a4-40f6-943e-9c906f6753a3]: BUSY"}}
[debug] [2021-03-26T05:29:16.731Z] [runtime-status] [13868] Functions runtime initialized. {"cwd":"C:\\Users\\Awais\\MealsToGo\\functions","node_version":"14.16.0"} {"metadata":{"emulator":{"name":"functions"},"message":"[runtime-status] [13868] Functions runtime initialized. {\"cwd\":\"C:\\\\Users\\\\Awais\\\\MealsToGo\\\\functions\",\"node_version\":\"14.16.0\"}"}}
[debug] [2021-03-26T05:29:16.733Z] [runtime-status] [13868] Disabled runtime features: undefined {"metadata":{"emulator":{"name":"functions"},"message":"[runtime-status] [13868] Disabled runtime features: undefined"}}
[debug] [2021-03-26T05:29:16.739Z] [runtime-status] [13868] Resolved module firebase-admin {"declared":true,"installed":true,"version":"9.5.0","resolution":"C:\\Users\\Awais\\MealsToGo\\functions\\node_modules\\firebase-admin\\lib\\index.js"} {"metadata":{"emulator":{"name":"functions"},"message":"[runtime-status] [13868] Resolved module firebase-admin {\"declared\":true,\"installed\":true,\"version\":\"9.5.0\",\"resolution\":\"C:\\\\Users\\\\Awais\\\\MealsToGo\\\\functions\\\\node_modules\\\\firebase-admin\\\\lib\\\\index.js\"}"}}
[debug] [2021-03-26T05:29:16.742Z] [runtime-status] [13868] Resolved module firebase-functions {"declared":true,"installed":true,"version":"3.13.2","resolution":"C:\\Users\\Awais\\MealsToGo\\functions\\node_modules\\firebase-functions\\lib\\index.js"} {"metadata":{"emulator":{"name":"functions"},"message":"[runtime-status] [13868] Resolved module firebase-functions {\"declared\":true,\"installed\":true,\"version\":\"3.13.2\",\"resolution\":\"C:\\\\Users\\\\Awais\\\\MealsToGo\\\\functions\\\\node_modules\\\\firebase-functions\\\\lib\\\\index.js\"}"}}
[debug] [2021-03-26T05:29:16.745Z] [runtime-status] [13868] Resolved module firebase-functions {"declared":true,"installed":true,"version":"3.13.2","resolution":"C:\\Users\\Awais\\MealsToGo\\functions\\node_modules\\firebase-functions\\lib\\index.js"} {"metadata":{"emulator":{"name":"functions"},"message":"[runtime-status] [13868] Resolved module firebase-functions {\"declared\":true,\"installed\":true,\"version\":\"3.13.2\",\"resolution\":\"C:\\\\Users\\\\Awais\\\\MealsToGo\\\\functions\\\\node_modules\\\\firebase-functions\\\\lib\\\\index.js\"}"}}
[debug] [2021-03-26T05:29:16.748Z] [runtime-status] [13868] Outgoing network have been stubbed. [{"name":"http","status":"mocked"},{"name":"http","status":"mocked"},{"name":"https","status":"mocked"},{"name":"https","status":"mocked"},{"name":"net","status":"mocked"}] {"metadata":{"emulator":{"name":"functions"},"message":"[runtime-status] [13868] Outgoing network have been stubbed. [{\"name\":\"http\",\"status\":\"mocked\"},{\"name\":\"http\",\"status\":\"mocked\"},{\"name\":\"https\",\"status\":\"mocked\"},{\"name\":\"https\",\"status\":\"mocked\"},{\"name\":\"net\",\"status\":\"mocked\"}]"}}
[debug] [2021-03-26T05:29:16.749Z] [runtime-status] [13868] Resolved module firebase-functions {"declared":true,"installed":true,"version":"3.13.2","resolution":"C:\\Users\\Awais\\MealsToGo\\functions\\node_modules\\firebase-functions\\lib\\index.js"} {"metadata":{"emulator":{"name":"functions"},"message":"[runtime-status] [13868] Resolved module firebase-functions {\"declared\":true,\"installed\":true,\"version\":\"3.13.2\",\"resolution\":\"C:\\\\Users\\\\Awais\\\\MealsToGo\\\\functions\\\\node_modules\\\\firebase-functions\\\\lib\\\\index.js\"}"}}
[debug] [2021-03-26T05:29:16.815Z] [runtime-status] [13868] Checked functions.config() {"config":{}} {"metadata":{"emulator":{"name":"functions"},"message":"[runtime-status] [13868] Checked functions.config() {\"config\":{}}"}}
[debug] [2021-03-26T05:29:16.816Z] [runtime-status] [13868] firebase-functions has been stubbed. {"functionsResolution":{"declared":true,"installed":true,"version":"3.13.2","resolution":"C:\\Users\\Awais\\MealsToGo\\functions\\node_modules\\firebase-functions\\lib\\index.js"}} {"metadata":{"emulator":{"name":"functions"},"message":"[runtime-status] [13868] firebase-functions has been stubbed. {\"functionsResolution\":{\"declared\":true,\"installed\":true,\"version\":\"3.13.2\",\"resolution\":\"C:\\\\Users\\\\Awais\\\\MealsToGo\\\\functions\\\\node_modules\\\\firebase-functions\\\\lib\\\\index.js\"}}"}}
[debug] [2021-03-26T05:29:16.816Z] [runtime-status] [13868] Resolved module firebase-functions {"declared":true,"installed":true,"version":"3.13.2","resolution":"C:\\Users\\Awais\\MealsToGo\\functions\\node_modules\\firebase-functions\\lib\\index.js"} {"metadata":{"emulator":{"name":"functions"},"message":"[runtime-status] [13868] Resolved module firebase-functions {\"declared\":true,\"installed\":true,\"version\":\"3.13.2\",\"resolution\":\"C:\\\\Users\\\\Awais\\\\MealsToGo\\\\functions\\\\node_modules\\\\firebase-functions\\\\lib\\\\index.js\"}"}}
[debug] [2021-03-26T05:29:16.818Z] [runtime-status] [13868] Resolved module firebase-admin {"declared":true,"installed":true,"version":"9.5.0","resolution":"C:\\Users\\Awais\\MealsToGo\\functions\\node_modules\\firebase-admin\\lib\\index.js"} {"metadata":{"emulator":{"name":"functions"},"message":"[runtime-status] [13868] Resolved module firebase-admin {\"declared\":true,\"installed\":true,\"version\":\"9.5.0\",\"resolution\":\"C:\\\\Users\\\\Awais\\\\MealsToGo\\\\functions\\\\node_modules\\\\firebase-admin\\\\lib\\\\index.js\"}"}}
[debug] [2021-03-26T05:29:16.819Z] [runtime-status] [13868] Resolved module firebase-functions {"declared":true,"installed":true,"version":"3.13.2","resolution":"C:\\Users\\Awais\\MealsToGo\\functions\\node_modules\\firebase-functions\\lib\\index.js"} {"metadata":{"emulator":{"name":"functions"},"message":"[runtime-status] [13868] Resolved module firebase-functions {\"declared\":true,\"installed\":true,\"version\":\"3.13.2\",\"resolution\":\"C:\\\\Users\\\\Awais\\\\MealsToGo\\\\functions\\\\node_modules\\\\firebase-functions\\\\lib\\\\index.js\"}"}}
[debug] [2021-03-26T05:29:16.819Z] [runtime-status] [13868] firebase-admin has been stubbed. {"adminResolution":{"declared":true,"installed":true,"version":"9.5.0","resolution":"C:\\Users\\Awais\\MealsToGo\\functions\\node_modules\\firebase-admin\\lib\\index.js"}} {"metadata":{"emulator":{"name":"functions"},"message":"[runtime-status] [13868] firebase-admin has been stubbed. {\"adminResolution\":{\"declared\":true,\"installed\":true,\"version\":\"9.5.0\",\"resolution\":\"C:\\\\Users\\\\Awais\\\\MealsToGo\\\\functions\\\\node_modules\\\\firebase-admin\\\\lib\\\\index.js\"}}"}}
[info] +  functions[geocode]: http function initialized (http://localhost:5001/thesocial-c43f1/us-central1/geocode). {"metadata":{"emulator":{"name":"functions"},"message":"\u001b[1mhttp\u001b[22m function initialized (http://localhost:5001/thesocial-c43f1/us-central1/geocode)."}}
[debug] [2021-03-26T05:29:16.829Z] [worker-~diagnostic~-c93c8544-45a4-40f6-943e-9c906f6753a3]: IDLE {"metadata":{"emulator":{"name":"functions"},"message":"[worker-~diagnostic~-c93c8544-45a4-40f6-943e-9c906f6753a3]: IDLE"}}
[debug] [2021-03-26T05:29:38.492Z] Functions emulator received unknown request at path /
[debug] [2021-03-26T05:29:38.624Z] Functions emulator received unknown request at path /favicon.ico
[debug] [2021-03-26T05:30:03.330Z] [work-queue] {"queueLength":1,"workRunningCount":0}
[debug] [2021-03-26T05:30:03.330Z] [work-queue] {"queueLength":0,"workRunningCount":1}
[debug] [2021-03-26T05:30:03.331Z] Accepted request GET /thesocial-c43f1/us-central1/geocode --> geocode
[debug] [2021-03-26T05:30:03.342Z] [worker-pool] addWorker(geocode) {"metadata":{"emulator":{"name":"functions"},"message":"[worker-pool] addWorker(geocode)"}}
[debug] [2021-03-26T05:30:03.343Z] [worker-pool] Adding worker with key geocode, total=1 {"metadata":{"emulator":{"name":"functions"},"message":"[worker-pool] Adding worker with key geocode, total=1"}}
[debug] [2021-03-26T05:30:03.343Z] [worker-pool] submitWork(triggerId=geocode) {"metadata":{"emulator":{"name":"functions"},"message":"[worker-pool] submitWork(triggerId=geocode)"}}
[debug] [2021-03-26T05:30:03.343Z] [worker-geocode-667dd4ce-4975-41fd-9e27-3b841c9a1751]: Assigning socketPath: \\?\pipe\C:\Users\Awais\MealsToGo\functions\15460 {"metadata":{"emulator":{"name":"functions"},"message":"[worker-geocode-667dd4ce-4975-41fd-9e27-3b841c9a1751]: Assigning socketPath: \\\\?\\pipe\\C:\\Users\\Awais\\MealsToGo\\functions\\15460"}}
[debug] [2021-03-26T05:30:03.343Z] [worker-geocode-667dd4ce-4975-41fd-9e27-3b841c9a1751]: BUSY {"metadata":{"emulator":{"name":"functions"},"message":"[worker-geocode-667dd4ce-4975-41fd-9e27-3b841c9a1751]: BUSY"}}
[debug] [2021-03-26T05:30:03.600Z] [runtime-status] [15460] Functions runtime initialized. {"cwd":"C:\\Users\\Awais\\MealsToGo\\functions","node_version":"14.16.0"} {"metadata":{"emulator":{"name":"functions"},"function":{"name":"geocode"},"message":"[runtime-status] [15460] Functions runtime initialized. {\"cwd\":\"C:\\\\Users\\\\Awais\\\\MealsToGo\\\\functions\",\"node_version\":\"14.16.0\"}"}}
[debug] [2021-03-26T05:30:03.603Z] [runtime-status] [15460] Disabled runtime features: undefined {"metadata":{"emulator":{"name":"functions"},"function":{"name":"geocode"},"message":"[runtime-status] [15460] Disabled runtime features: undefined"}}
[debug] [2021-03-26T05:30:03.608Z] [runtime-status] [15460] Resolved module firebase-admin {"declared":true,"installed":true,"version":"9.5.0","resolution":"C:\\Users\\Awais\\MealsToGo\\functions\\node_modules\\firebase-admin\\lib\\index.js"} {"metadata":{"emulator":{"name":"functions"},"function":{"name":"geocode"},"message":"[runtime-status] [15460] Resolved module firebase-admin {\"declared\":true,\"installed\":true,\"version\":\"9.5.0\",\"resolution\":\"C:\\\\Users\\\\Awais\\\\MealsToGo\\\\functions\\\\node_modules\\\\firebase-admin\\\\lib\\\\index.js\"}"}}
[debug] [2021-03-26T05:30:03.610Z] [runtime-status] [15460] Resolved module firebase-functions {"declared":true,"installed":true,"version":"3.13.2","resolution":"C:\\Users\\Awais\\MealsToGo\\functions\\node_modules\\firebase-functions\\lib\\index.js"} {"metadata":{"emulator":{"name":"functions"},"function":{"name":"geocode"},"message":"[runtime-status] [15460] Resolved module firebase-functions {\"declared\":true,\"installed\":true,\"version\":\"3.13.2\",\"resolution\":\"C:\\\\Users\\\\Awais\\\\MealsToGo\\\\functions\\\\node_modules\\\\firebase-functions\\\\lib\\\\index.js\"}"}}
[debug] [2021-03-26T05:30:03.612Z] [runtime-status] [15460] Resolved module firebase-functions {"declared":true,"installed":true,"version":"3.13.2","resolution":"C:\\Users\\Awais\\MealsToGo\\functions\\node_modules\\firebase-functions\\lib\\index.js"} {"metadata":{"emulator":{"name":"functions"},"function":{"name":"geocode"},"message":"[runtime-status] [15460] Resolved module firebase-functions {\"declared\":true,\"installed\":true,\"version\":\"3.13.2\",\"resolution\":\"C:\\\\Users\\\\Awais\\\\MealsToGo\\\\functions\\\\node_modules\\\\firebase-functions\\\\lib\\\\index.js\"}"}}
[debug] [2021-03-26T05:30:03.614Z] [runtime-status] [15460] Outgoing network have been stubbed. [{"name":"http","status":"mocked"},{"name":"http","status":"mocked"},{"name":"https","status":"mocked"},{"name":"https","status":"mocked"},{"name":"net","status":"mocked"}] {"metadata":{"emulator":{"name":"functions"},"function":{"name":"geocode"},"message":"[runtime-status] [15460] Outgoing network have been stubbed. [{\"name\":\"http\",\"status\":\"mocked\"},{\"name\":\"http\",\"status\":\"mocked\"},{\"name\":\"https\",\"status\":\"mocked\"},{\"name\":\"https\",\"status\":\"mocked\"},{\"name\":\"net\",\"status\":\"mocked\"}]"}}
[debug] [2021-03-26T05:30:03.614Z] [runtime-status] [15460] Resolved module firebase-functions {"declared":true,"installed":true,"version":"3.13.2","resolution":"C:\\Users\\Awais\\MealsToGo\\functions\\node_modules\\firebase-functions\\lib\\index.js"} {"metadata":{"emulator":{"name":"functions"},"function":{"name":"geocode"},"message":"[runtime-status] [15460] Resolved module firebase-functions {\"declared\":true,\"installed\":true,\"version\":\"3.13.2\",\"resolution\":\"C:\\\\Users\\\\Awais\\\\MealsToGo\\\\functions\\\\node_modules\\\\firebase-functions\\\\lib\\\\index.js\"}"}}
[debug] [2021-03-26T05:30:03.670Z] [runtime-status] [15460] Checked functions.config() {"config":{}} {"metadata":{"emulator":{"name":"functions"},"function":{"name":"geocode"},"message":"[runtime-status] [15460] Checked functions.config() {\"config\":{}}"}}
[debug] [2021-03-26T05:30:03.671Z] [runtime-status] [15460] firebase-functions has been stubbed. {"functionsResolution":{"declared":true,"installed":true,"version":"3.13.2","resolution":"C:\\Users\\Awais\\MealsToGo\\functions\\node_modules\\firebase-functions\\lib\\index.js"}} {"metadata":{"emulator":{"name":"functions"},"function":{"name":"geocode"},"message":"[runtime-status] [15460] firebase-functions has been stubbed. {\"functionsResolution\":{\"declared\":true,\"installed\":true,\"version\":\"3.13.2\",\"resolution\":\"C:\\\\Users\\\\Awais\\\\MealsToGo\\\\functions\\\\node_modules\\\\firebase-functions\\\\lib\\\\index.js\"}}"}}
[debug] [2021-03-26T05:30:03.672Z] [runtime-status] [15460] Resolved module firebase-functions {"declared":true,"installed":true,"version":"3.13.2","resolution":"C:\\Users\\Awais\\MealsToGo\\functions\\node_modules\\firebase-functions\\lib\\index.js"} {"metadata":{"emulator":{"name":"functions"},"function":{"name":"geocode"},"message":"[runtime-status] [15460] Resolved module firebase-functions {\"declared\":true,\"installed\":true,\"version\":\"3.13.2\",\"resolution\":\"C:\\\\Users\\\\Awais\\\\MealsToGo\\\\functions\\\\node_modules\\\\firebase-functions\\\\lib\\\\index.js\"}"}}
[debug] [2021-03-26T05:30:03.674Z] [runtime-status] [15460] Resolved module firebase-admin {"declared":true,"installed":true,"version":"9.5.0","resolution":"C:\\Users\\Awais\\MealsToGo\\functions\\node_modules\\firebase-admin\\lib\\index.js"} {"metadata":{"emulator":{"name":"functions"},"function":{"name":"geocode"},"message":"[runtime-status] [15460] Resolved module firebase-admin {\"declared\":true,\"installed\":true,\"version\":\"9.5.0\",\"resolution\":\"C:\\\\Users\\\\Awais\\\\MealsToGo\\\\functions\\\\node_modules\\\\firebase-admin\\\\lib\\\\index.js\"}"}}
[debug] [2021-03-26T05:30:03.675Z] [runtime-status] [15460] Resolved module firebase-functions {"declared":true,"installed":true,"version":"3.13.2","resolution":"C:\\Users\\Awais\\MealsToGo\\functions\\node_modules\\firebase-functions\\lib\\index.js"} {"metadata":{"emulator":{"name":"functions"},"function":{"name":"geocode"},"message":"[runtime-status] [15460] Resolved module firebase-functions {\"declared\":true,\"installed\":true,\"version\":\"3.13.2\",\"resolution\":\"C:\\\\Users\\\\Awais\\\\MealsToGo\\\\functions\\\\node_modules\\\\firebase-functions\\\\lib\\\\index.js\"}"}}
[debug] [2021-03-26T05:30:03.675Z] [runtime-status] [15460] firebase-admin has been stubbed. {"adminResolution":{"declared":true,"installed":true,"version":"9.5.0","resolution":"C:\\Users\\Awais\\MealsToGo\\functions\\node_modules\\firebase-admin\\lib\\index.js"}} {"metadata":{"emulator":{"name":"functions"},"function":{"name":"geocode"},"message":"[runtime-status] [15460] firebase-admin has been stubbed. {\"adminResolution\":{\"declared\":true,\"installed\":true,\"version\":\"9.5.0\",\"resolution\":\"C:\\\\Users\\\\Awais\\\\MealsToGo\\\\functions\\\\node_modules\\\\firebase-admin\\\\lib\\\\index.js\"}}"}}
[debug] [2021-03-26T05:30:03.678Z] [runtime-status] [15460] Trigger "geocode" has been found, beginning invocation! {"metadata":{"emulator":{"name":"functions"},"function":{"name":"geocode"},"message":"[runtime-status] [15460] Trigger \"geocode\" has been found, beginning invocation!"}}
[info] i  functions: Beginning execution of "geocode" {"metadata":{"emulator":{"name":"functions"},"function":{"name":"geocode"},"message":"Beginning execution of \"geocode\""}}
[debug] [2021-03-26T05:30:03.679Z] [runtime-status] [15460] triggerDefinition {"httpsTrigger":{},"name":"geocode","entryPoint":"geocode"} {"metadata":{"emulator":{"name":"functions"},"function":{"name":"geocode"},"message":"[runtime-status] [15460] triggerDefinition {\"httpsTrigger\":{},\"name\":\"geocode\",\"entryPoint\":\"geocode\"}"}}
[debug] [2021-03-26T05:30:03.680Z] [runtime-status] [15460] Running geocode in mode HTTPS {"metadata":{"emulator":{"name":"functions"},"function":{"name":"geocode"},"message":"[runtime-status] [15460] Running geocode in mode HTTPS"}}
[debug] [2021-03-26T05:30:03.684Z] [runtime-status] [15460] Attempting to listen to socketPath: \\?\pipe\C:\Users\Awais\MealsToGo\functions\15460 {"metadata":{"emulator":{"name":"functions"},"function":{"name":"geocode"},"message":"[runtime-status] [15460] Attempting to listen to socketPath: \\\\?\\pipe\\C:\\Users\\Awais\\MealsToGo\\functions\\15460"}}
[debug] [2021-03-26T05:30:03.688Z] [functions] Runtime ready! Sending request! {"metadata":{"emulator":{"name":"functions"},"message":"[functions] Runtime ready! Sending request!"}}
[debug] [2021-03-26T05:30:03.689Z] [functions] Got req.url=/thesocial-c43f1/us-central1/geocode, mapping to path=/ {"metadata":{"emulator":{"name":"functions"},"message":"[functions] Got req.url=/thesocial-c43f1/us-central1/geocode, mapping to path=/"}}
[debug] [2021-03-26T05:30:03.698Z] [runtime-status] [15460] Ephemeral server handling GET request {"metadata":{"emulator":{"name":"functions"},"function":{"name":"geocode"},"message":"[runtime-status] [15460] Ephemeral server handling GET request"}}
[debug] [2021-03-26T05:30:03.705Z] [runtime-status] [15460] Ephemeral server survived. {"metadata":{"emulator":{"name":"functions"},"function":{"name":"geocode"},"message":"[runtime-status] [15460] Ephemeral server survived."}}
[info] i  functions: Finished "geocode" in ~1s {"metadata":{"emulator":{"name":"functions"},"function":{"name":"geocode"},"message":"Finished \"geocode\" in ~1s"}}
[debug] [2021-03-26T05:30:03.710Z] [worker-geocode-667dd4ce-4975-41fd-9e27-3b841c9a1751]: IDLE {"metadata":{"emulator":{"name":"functions"},"message":"[worker-geocode-667dd4ce-4975-41fd-9e27-3b841c9a1751]: IDLE"}}
[debug] [2021-03-26T05:30:03.711Z] [work-queue] {"queueLength":0,"workRunningCount":0}
[debug] [2021-03-26T05:30:03.815Z] Functions emulator received unknown request at path /favicon.ico
[debug] [2021-03-26T05:30:51.865Z] Functions emulator received unknown request at path /thesocial-c43f1/us-central1
[debug] [2021-03-26T05:31:01.286Z] [work-queue] {"queueLength":1,"workRunningCount":0}
[debug] [2021-03-26T05:31:01.287Z] [work-queue] {"queueLength":0,"workRunningCount":1}
[debug] [2021-03-26T05:31:01.287Z] Accepted request GET /thesocial-c43f1/us-central1/geocode --> geocode
[debug] [2021-03-26T05:31:01.287Z] [worker-pool] submitWork(triggerId=geocode) {"metadata":{"emulator":{"name":"functions"},"message":"[worker-pool] submitWork(triggerId=geocode)"}}
[debug] [2021-03-26T05:31:01.287Z] [worker-geocode-667dd4ce-4975-41fd-9e27-3b841c9a1751]: Assigning socketPath: \\?\pipe\C:\Users\Awais\MealsToGo\functions\15460 {"metadata":{"emulator":{"name":"functions"},"message":"[worker-geocode-667dd4ce-4975-41fd-9e27-3b841c9a1751]: Assigning socketPath: \\\\?\\pipe\\C:\\Users\\Awais\\MealsToGo\\functions\\15460"}}
[debug] [2021-03-26T05:31:01.287Z] [worker-geocode-667dd4ce-4975-41fd-9e27-3b841c9a1751]: BUSY {"metadata":{"emulator":{"name":"functions"},"message":"[worker-geocode-667dd4ce-4975-41fd-9e27-3b841c9a1751]: BUSY"}}
[debug] [2021-03-26T05:31:01.288Z] [runtime-status] [15460] Trigger "geocode" has been found, beginning invocation! {"metadata":{"emulator":{"name":"functions"},"function":{"name":"geocode"},"message":"[runtime-status] [15460] Trigger \"geocode\" has been found, beginning invocation!"}}
[info] i  functions: Beginning execution of "geocode" {"metadata":{"emulator":{"name":"functions"},"function":{"name":"geocode"},"message":"Beginning execution of \"geocode\""}}
[debug] [2021-03-26T05:31:01.289Z] [runtime-status] [15460] triggerDefinition {"httpsTrigger":{},"name":"geocode","entryPoint":"geocode"} {"metadata":{"emulator":{"name":"functions"},"function":{"name":"geocode"},"message":"[runtime-status] [15460] triggerDefinition {\"httpsTrigger\":{},\"name\":\"geocode\",\"entryPoint\":\"geocode\"}"}}
[debug] [2021-03-26T05:31:01.289Z] [runtime-status] [15460] Running geocode in mode HTTPS {"metadata":{"emulator":{"name":"functions"},"function":{"name":"geocode"},"message":"[runtime-status] [15460] Running geocode in mode HTTPS"}}
[debug] [2021-03-26T05:31:01.289Z] [runtime-status] [15460] Attempting to listen to socketPath: \\?\pipe\C:\Users\Awais\MealsToGo\functions\15460 {"metadata":{"emulator":{"name":"functions"},"function":{"name":"geocode"},"message":"[runtime-status] [15460] Attempting to listen to socketPath: \\\\?\\pipe\\C:\\Users\\Awais\\MealsToGo\\functions\\15460"}}
[debug] [2021-03-26T05:31:01.290Z] [functions] Runtime ready! Sending request! {"metadata":{"emulator":{"name":"functions"},"message":"[functions] Runtime ready! Sending request!"}}
[debug] [2021-03-26T05:31:01.290Z] [functions] Got req.url=/thesocial-c43f1/us-central1/geocode, mapping to path=/ {"metadata":{"emulator":{"name":"functions"},"message":"[functions] Got req.url=/thesocial-c43f1/us-central1/geocode, mapping to path=/"}}
[debug] [2021-03-26T05:31:01.293Z] [runtime-status] [15460] Ephemeral server handling GET request {"metadata":{"emulator":{"name":"functions"},"function":{"name":"geocode"},"message":"[runtime-status] [15460] Ephemeral server handling GET request"}}
[debug] [2021-03-26T05:31:01.295Z] [runtime-status] [15460] Ephemeral server survived. {"metadata":{"emulator":{"name":"functions"},"function":{"name":"geocode"},"message":"[runtime-status] [15460] Ephemeral server survived."}}
[info] i  functions: Finished "geocode" in ~1s {"metadata":{"emulator":{"name":"functions"},"function":{"name":"geocode"},"message":"Finished \"geocode\" in ~1s"}}
[debug] [2021-03-26T05:31:01.297Z] [worker-geocode-667dd4ce-4975-41fd-9e27-3b841c9a1751]: IDLE {"metadata":{"emulator":{"name":"functions"},"message":"[worker-geocode-667dd4ce-4975-41fd-9e27-3b841c9a1751]: IDLE"}}
[debug] [2021-03-26T05:31:01.297Z] [work-queue] {"queueLength":0,"workRunningCount":0}
